<?xml version="1.0" encoding="UTF-8"?>
<!-- Generated by org.testng.reporters.JUnitReportReporter -->
<testsuite hostname="DESKTOP-BHVU9IE" failures="0" tests="1" name="tastCases.TC002_LoginTest" time="1.103" errors="0" timestamp="2025-01-06T13:08:02 IST" skipped="0">
  <testcase classname="tastCases.TC002_LoginTest" name="verify_login" time="1.103"/>
  <system-out/>
</testsuite> <!-- tastCases.TC002_LoginTest -->
