<?xml version="1.0" encoding="UTF-8"?>
<!-- Generated by org.testng.reporters.JUnitReportReporter -->
<testsuite hostname="DESKTOP-BHVU9IE" failures="0" tests="1" name="tastCases.TC001_AccountRegistrationTest" time="1.750" errors="0" timestamp="2025-01-06T13:08:02 IST" skipped="0">
  <testcase classname="tastCases.TC001_AccountRegistrationTest" name="verify_account_registration" time="1.750"/>
  <system-out/>
</testsuite> <!-- tastCases.TC001_AccountRegistrationTest -->
